[2023-08-19 07:42:42,369][schnetpack.cli][INFO] - Running on host: login2
[2023-08-19 07:42:42,484][schnetpack.cli][INFO] - Seed randomly...
[2023-08-19 07:42:42,499][schnetpack.cli][INFO] - Instantiating datamodule <schnetpack.datasets.QM9>
[2023-08-19 07:42:42,518][schnetpack.cli][INFO] - Instantiating model <schnetpack.model.NeuralNetworkPotential>
[2023-08-19 07:42:42,555][schnetpack.cli][INFO] - Instantiating task <schnetpack.AtomisticTask>
[2023-08-19 07:42:42,985][schnetpack.cli][INFO] - Instantiating callback <schnetpack.train.ModelCheckpoint>
[2023-08-19 07:42:42,989][schnetpack.cli][INFO] - Instantiating callback <pytorch_lightning.callbacks.EarlyStopping>
[2023-08-19 07:42:42,991][schnetpack.cli][INFO] - Instantiating callback <pytorch_lightning.callbacks.LearningRateMonitor>
[2023-08-19 07:42:42,992][schnetpack.cli][INFO] - Instantiating callback <schnetpack.train.ExponentialMovingAverage>
[2023-08-19 07:42:42,993][schnetpack.cli][INFO] - Instantiating logger <pytorch_lightning.loggers.tensorboard.TensorBoardLogger>
[2023-08-19 07:42:42,995][schnetpack.cli][INFO] - Instantiating trainer <pytorch_lightning.Trainer>
[2023-08-19 07:42:43,321][schnetpack.cli][INFO] - Logging hyperparameters.
[2023-08-19 07:42:43,954][schnetpack.cli][INFO] - Starting training.
[2023-08-19 07:42:44,440][root][INFO] - Downloading GDB-9 atom references...
[2023-08-19 07:42:45,516][root][INFO] - Done.
[2023-08-19 07:42:45,762][root][INFO] - Downloading list of uncharacterized molecules...
[2023-08-19 07:42:47,176][root][INFO] - Done.
[2023-08-19 07:42:47,183][root][INFO] - Downloading GDB-9 data...
[2023-08-19 07:42:53,308][root][INFO] - Done.
[2023-08-19 07:42:53,310][root][INFO] - Extracting files...
[2023-08-19 07:55:16,095][root][INFO] - Done.
[2023-08-19 07:55:16,096][root][INFO] - Parse xyz files...
[2023-08-19 08:07:53,097][schnetpack.cli][INFO] - Starting testing.
